<?xml version="1.0" encoding="UTF-8"?>
<!-- Generated by org.testng.reporters.JUnitReportReporter -->
<testsuite hostname="DESKTOP-MMRGGFS" failures="0" tests="3" name="com.automation.tests.ProductOrderTest" time="50.375" errors="0" timestamp="2026-02-11T13:51:25 IST" skipped="2">
  <testcase classname="com.automation.tests.ProductOrderTest" name="testProductOrderCompleteFlow" time="50.375"/>
  <testcase classname="com.automation.tests.ProductOrderTest" name="testProductSearch">
    <skipped/>
  </testcase> <!-- testProductSearch -->
  <testcase classname="com.automation.tests.ProductOrderTest" name="testPaymentDetailsEntry">
    <skipped/>
  </testcase> <!-- testPaymentDetailsEntry -->
</testsuite> <!-- com.automation.tests.ProductOrderTest -->
